<?xml version="1.0" encoding="UTF-8"?>
<testng-results ignored="0" total="1" passed="1" failed="0" skipped="0">
  <reporter-output>
  </reporter-output>
  <suite started-at="2025-02-18T08:07:01 SAST" name="Default suite" finished-at="2025-02-18T08:07:14 SAST" duration-ms="12785">
    <groups>
      <group name="cucumber">
        <method signature="AbstractTestNGCucumberTests.runScenario(io.cucumber.testng.PickleWrapper,io.cucumber.testng.FeatureWrapper)[pri:0, instance:com.demo.runner.FormRunner@4007f65e]" name="runScenario" class="io.cucumber.testng.AbstractTestNGCucumberTests"/>
      </group> <!-- cucumber -->
    </groups>
    <test started-at="2025-02-18T08:07:01 SAST" name="Default test" finished-at="2025-02-18T08:07:14 SAST" duration-ms="12785">
      <class name="com.demo.runner.FormRunner">
        <test-method is-config="true" signature="setUpClass(org.testng.ITestContext)[pri:0, instance:com.demo.runner.FormRunner@4007f65e]" started-at="2025-02-18T08:07:01 SAST" name="setUpClass" finished-at="2025-02-18T08:07:02 SAST" duration-ms="219" status="PASS">
          <params>
            <param index="0">
              <value>
                <![CDATA[org.testng.TestRunner@16c587de]]>
              </value>
            </param>
          </params>
          <reporter-output>
          </reporter-output>
        </test-method> <!-- setUpClass -->
        <test-method signature="runScenario(io.cucumber.testng.PickleWrapper,io.cucumber.testng.FeatureWrapper)[pri:0, instance:com.demo.runner.FormRunner@4007f65e]" started-at="2025-02-18T08:07:02 SAST" name="runScenario" description="Runs Cucumber Scenarios" data-provider="scenarios" finished-at="2025-02-18T08:07:14 SAST" duration-ms="12505" status="PASS">
          <params>
            <param index="0">
              <value>
                <![CDATA["Filling the form"]]>
              </value>
            </param>
            <param index="1">
              <value>
                <![CDATA["Filling form from DemoQA"]]>
              </value>
            </param>
          </params>
          <reporter-output>
          </reporter-output>
        </test-method> <!-- runScenario -->
        <test-method is-config="true" signature="tearDownClass()[pri:0, instance:com.demo.runner.FormRunner@4007f65e]" started-at="2025-02-18T08:07:14 SAST" name="tearDownClass" finished-at="2025-02-18T08:07:14 SAST" duration-ms="17" status="PASS">
          <reporter-output>
          </reporter-output>
        </test-method> <!-- tearDownClass -->
      </class> <!-- com.demo.runner.FormRunner -->
    </test> <!-- Default test -->
  </suite> <!-- Default suite -->
</testng-results>
